[2025-08-14 22:38:53,304] [INFO] [codeculate_db] Codeculate database initialized successfully (codeculate_db_manager.py:63)
[2025-08-14 22:38:53,305] [INFO] [jsonculate_db] JSONculate database initialized successfully (jsonculate_db_manager.py:63)
[2025-08-14 22:38:54,254] [INFO] [codeculate_db] Codeculate database initialized successfully (codeculate_db_manager.py:63)
[2025-08-14 22:38:54,255] [INFO] [jsonculate_db] JSONculate database initialized successfully (jsonculate_db_manager.py:63)
[2025-08-14 22:40:37,328] [INFO] [codeculate_db] Codeculate database initialized successfully (codeculate_db_manager.py:63)
[2025-08-14 22:40:37,328] [INFO] [jsonculate_db] JSONculate database initialized successfully (jsonculate_db_manager.py:63)
[2025-08-14 22:40:37,332] [INFO] [app] ✅ Databases initialized successfully (app.py:144)
[2025-08-14 22:40:37,332] [INFO] [app] 🌍 Server running on: http://localhost:5000 (app.py:149)
[2025-08-14 22:40:38,286] [INFO] [codeculate_db] Codeculate database initialized successfully (codeculate_db_manager.py:63)
[2025-08-14 22:40:38,287] [INFO] [jsonculate_db] JSONculate database initialized successfully (jsonculate_db_manager.py:63)
[2025-08-14 22:40:38,287] [INFO] [app] ✅ Databases initialized successfully (app.py:144)
[2025-08-14 22:40:38,287] [INFO] [app] 🌍 Server running on: http://localhost:5000 (app.py:149)
[2025-08-14 22:40:49,571] [INFO] [codeculate_db] Retrieved 1 execution reports (codeculate_db_manager.py:216)
[2025-08-14 22:40:49,573] [INFO] [jsonculate_db] Retrieved 1 JSON parsing reports (jsonculate_db_manager.py:188)
[2025-08-14 22:40:49,574] [INFO] [app] Total emissions calculated - Code: 3.725849706793832e-05, JSON: 5.00895884420348e-07 (app.py:44)
[2025-08-14 22:40:49,833] [INFO] [codeculate_db] Retrieved 1 execution reports (codeculate_db_manager.py:216)
[2025-08-14 22:40:49,834] [INFO] [jsonculate_db] Retrieved 1 JSON parsing reports (jsonculate_db_manager.py:188)
[2025-08-14 22:40:49,835] [INFO] [app] Total emissions calculated - Code: 3.725849706793832e-05, JSON: 5.00895884420348e-07 (app.py:44)
[2025-08-14 22:41:06,634] [INFO] [app] Fetching codeculate history (app.py:89)
[2025-08-14 22:41:06,635] [INFO] [codeculate_db] Retrieved 1 execution reports (codeculate_db_manager.py:216)
[2025-08-14 22:41:06,899] [INFO] [app] Fetching codeculate history (app.py:89)
[2025-08-14 22:41:06,900] [INFO] [codeculate_db] Retrieved 1 execution reports (codeculate_db_manager.py:216)
[2025-08-14 22:42:13,386] [INFO] [codeculate_db] Codeculate database initialized successfully (codeculate_db_manager.py:63)
[2025-08-14 22:42:13,389] [INFO] [jsonculate_db] JSONculate database initialized successfully (jsonculate_db_manager.py:63)
[2025-08-14 22:42:13,390] [INFO] [app] ✅ Databases initialized successfully (app.py:144)
[2025-08-14 22:42:13,390] [INFO] [app] 🌍 Server running on: http://localhost:5000 (app.py:149)
[2025-08-14 22:42:14,346] [INFO] [codeculate_db] Codeculate database initialized successfully (codeculate_db_manager.py:63)
[2025-08-14 22:42:14,347] [INFO] [jsonculate_db] JSONculate database initialized successfully (jsonculate_db_manager.py:63)
[2025-08-14 22:42:14,347] [INFO] [app] ✅ Databases initialized successfully (app.py:144)
[2025-08-14 22:42:14,348] [INFO] [app] 🌍 Server running on: http://localhost:5000 (app.py:149)
[2025-08-14 22:42:16,955] [INFO] [app] Fetching jsonculate history (app.py:133)
[2025-08-14 22:42:16,956] [INFO] [jsonculate_db] Retrieved 1 JSON parsing reports (jsonculate_db_manager.py:188)
[2025-08-14 22:42:17,216] [INFO] [app] Fetching jsonculate history (app.py:133)
[2025-08-14 22:42:17,217] [INFO] [jsonculate_db] Retrieved 1 JSON parsing reports (jsonculate_db_manager.py:188)
[2025-08-14 22:42:23,102] [INFO] [app] Fetching codeculate history (app.py:89)
[2025-08-14 22:42:23,104] [INFO] [codeculate_db] Retrieved 1 execution reports (codeculate_db_manager.py:216)
[2025-08-14 22:42:23,424] [INFO] [app] Fetching codeculate history (app.py:89)
[2025-08-14 22:42:23,429] [INFO] [codeculate_db] Retrieved 1 execution reports (codeculate_db_manager.py:216)
[2025-08-14 22:42:30,538] [INFO] [app] Fetching jsonculate history (app.py:133)
[2025-08-14 22:42:30,540] [INFO] [jsonculate_db] Retrieved 1 JSON parsing reports (jsonculate_db_manager.py:188)
[2025-08-14 22:42:30,859] [INFO] [app] Fetching jsonculate history (app.py:133)
[2025-08-14 22:42:30,861] [INFO] [jsonculate_db] Retrieved 1 JSON parsing reports (jsonculate_db_manager.py:188)
[2025-08-14 22:45:56,572] [INFO] [app] Fetching codeculate history (app.py:89)
[2025-08-14 22:45:56,574] [INFO] [codeculate_db] Retrieved 1 execution reports (codeculate_db_manager.py:216)
[2025-08-14 22:45:56,822] [INFO] [app] Fetching codeculate history (app.py:89)
[2025-08-14 22:45:56,824] [INFO] [codeculate_db] Retrieved 1 execution reports (codeculate_db_manager.py:216)
[2025-08-14 22:48:10,927] [INFO] [app] Fetching jsonculate history (app.py:133)
[2025-08-14 22:48:10,928] [INFO] [jsonculate_db] Retrieved 1 JSON parsing reports (jsonculate_db_manager.py:188)
[2025-08-14 22:48:11,190] [INFO] [app] Fetching jsonculate history (app.py:133)
[2025-08-14 22:48:11,191] [INFO] [jsonculate_db] Retrieved 1 JSON parsing reports (jsonculate_db_manager.py:188)
[2025-08-14 22:48:12,743] [INFO] [app] Fetching codeculate history (app.py:89)
[2025-08-14 22:48:12,745] [INFO] [codeculate_db] Retrieved 1 execution reports (codeculate_db_manager.py:216)
[2025-08-14 22:48:13,054] [INFO] [app] Fetching codeculate history (app.py:89)
[2025-08-14 22:48:13,056] [INFO] [codeculate_db] Retrieved 1 execution reports (codeculate_db_manager.py:216)
[2025-08-14 22:49:10,356] [INFO] [codeculate_db] Codeculate database initialized successfully (codeculate_db_manager.py:63)
[2025-08-14 22:49:10,356] [INFO] [jsonculate_db] JSONculate database initialized successfully (jsonculate_db_manager.py:63)
[2025-08-14 22:49:10,357] [INFO] [app] ✅ Databases initialized successfully (app.py:144)
[2025-08-14 22:49:10,357] [INFO] [app] 🌍 Server running on: http://localhost:5000 (app.py:149)
[2025-08-14 22:49:15,222] [INFO] [codeculate_db] Codeculate database initialized successfully (codeculate_db_manager.py:63)
[2025-08-14 22:49:15,224] [INFO] [jsonculate_db] JSONculate database initialized successfully (jsonculate_db_manager.py:63)
[2025-08-14 22:49:15,224] [INFO] [app] ✅ Databases initialized successfully (app.py:144)
[2025-08-14 22:49:15,225] [INFO] [app] 🌍 Server running on: http://localhost:5000 (app.py:149)
[2025-08-14 22:49:31,562] [INFO] [codeculate_db] Codeculate database initialized successfully (codeculate_db_manager.py:63)
[2025-08-14 22:49:31,563] [INFO] [jsonculate_db] JSONculate database initialized successfully (jsonculate_db_manager.py:63)
[2025-08-14 22:49:31,564] [INFO] [app] ✅ Databases initialized successfully (app.py:144)
[2025-08-14 22:49:31,564] [INFO] [app] 🌍 Server running on: http://localhost:5000 (app.py:149)
[2025-08-14 22:50:18,175] [INFO] [codeculate_db] Codeculate database initialized successfully (codeculate_db_manager.py:62)
[2025-08-14 22:50:18,176] [INFO] [jsonculate_db] JSONculate database initialized successfully (jsonculate_db_manager.py:63)
[2025-08-14 22:50:18,177] [INFO] [app] ✅ Databases initialized successfully (app.py:144)
[2025-08-14 22:50:18,177] [INFO] [app] 🌍 Server running on: http://localhost:5000 (app.py:149)
[2025-08-14 22:50:24,218] [INFO] [app] Fetching codeculate history (app.py:89)
[2025-08-14 22:50:24,219] [INFO] [codeculate_db] Retrieved 1 execution reports (codeculate_db_manager.py:213)
[2025-08-14 22:50:24,482] [INFO] [app] Fetching codeculate history (app.py:89)
[2025-08-14 22:50:24,484] [INFO] [codeculate_db] Retrieved 1 execution reports (codeculate_db_manager.py:213)
[2025-08-14 22:50:56,586] [INFO] [app] Fetching jsonculate history (app.py:133)
[2025-08-14 22:50:56,587] [INFO] [jsonculate_db] Retrieved 1 JSON parsing reports (jsonculate_db_manager.py:188)
[2025-08-14 22:50:56,892] [INFO] [app] Fetching jsonculate history (app.py:133)
[2025-08-14 22:50:56,893] [INFO] [jsonculate_db] Retrieved 1 JSON parsing reports (jsonculate_db_manager.py:188)
[2025-08-14 22:50:58,701] [INFO] [app] Fetching codeculate history (app.py:89)
[2025-08-14 22:50:58,703] [INFO] [codeculate_db] Retrieved 1 execution reports (codeculate_db_manager.py:213)
[2025-08-14 22:50:59,018] [INFO] [app] Fetching codeculate history (app.py:89)
[2025-08-14 22:50:59,019] [INFO] [codeculate_db] Retrieved 1 execution reports (codeculate_db_manager.py:213)
[2025-08-14 22:51:00,906] [INFO] [app] Fetching jsonculate history (app.py:133)
[2025-08-14 22:51:00,907] [INFO] [jsonculate_db] Retrieved 1 JSON parsing reports (jsonculate_db_manager.py:188)
[2025-08-14 22:51:01,218] [INFO] [app] Fetching jsonculate history (app.py:133)
[2025-08-14 22:51:01,219] [INFO] [jsonculate_db] Retrieved 1 JSON parsing reports (jsonculate_db_manager.py:188)
[2025-08-14 22:51:47,138] [INFO] [codeculate_db] Codeculate database initialized successfully (codeculate_db_manager.py:60)
[2025-08-14 22:51:47,138] [INFO] [jsonculate_db] JSONculate database initialized successfully (jsonculate_db_manager.py:63)
[2025-08-14 22:51:47,139] [INFO] [app] ✅ Databases initialized successfully (app.py:144)
[2025-08-14 22:51:47,139] [INFO] [app] 🌍 Server running on: http://localhost:5000 (app.py:149)
[2025-08-14 22:51:52,499] [INFO] [codeculate_db] Codeculate database initialized successfully (codeculate_db_manager.py:60)
[2025-08-14 22:51:52,500] [INFO] [jsonculate_db] JSONculate database initialized successfully (jsonculate_db_manager.py:63)
[2025-08-14 22:51:52,500] [INFO] [app] ✅ Databases initialized successfully (app.py:144)
[2025-08-14 22:51:52,500] [INFO] [app] 🌍 Server running on: http://localhost:5000 (app.py:149)
[2025-08-14 22:52:02,696] [INFO] [codeculate_db] Codeculate database initialized successfully (codeculate_db_manager.py:60)
[2025-08-14 22:52:02,697] [INFO] [jsonculate_db] JSONculate database initialized successfully (jsonculate_db_manager.py:63)
[2025-08-14 22:52:02,697] [INFO] [app] ✅ Databases initialized successfully (app.py:144)
[2025-08-14 22:52:02,697] [INFO] [app] 🌍 Server running on: http://localhost:5000 (app.py:149)
[2025-08-14 22:52:03,562] [INFO] [codeculate_db] Codeculate database initialized successfully (codeculate_db_manager.py:60)
[2025-08-14 22:52:03,563] [INFO] [jsonculate_db] JSONculate database initialized successfully (jsonculate_db_manager.py:63)
[2025-08-14 22:52:03,563] [INFO] [app] ✅ Databases initialized successfully (app.py:144)
[2025-08-14 22:52:03,563] [INFO] [app] 🌍 Server running on: http://localhost:5000 (app.py:149)
[2025-08-14 22:52:07,431] [INFO] [app] Fetching codeculate history (app.py:89)
[2025-08-14 22:52:07,432] [INFO] [codeculate_db] Retrieved 0 execution reports (codeculate_db_manager.py:207)
[2025-08-14 22:52:07,695] [INFO] [app] Fetching codeculate history (app.py:89)
[2025-08-14 22:52:07,696] [INFO] [codeculate_db] Retrieved 0 execution reports (codeculate_db_manager.py:207)
[2025-08-14 22:52:09,662] [INFO] [app] Calculating emissions for python code with 5 repetitions (app.py:69)
[2025-08-14 22:52:09,663] [INFO] [code_executor] CodeExecutor initialized with supported languages: python, javascript, java, cpp, c (code_executor.py:62)
[2025-08-14 22:52:09,664] [INFO] [code_executor] Processing python code with 5 repetitions (threshold: 10000) (code_executor.py:66)
[2025-08-14 22:52:09,665] [DEBUG] [codeculate_db] Retrieved system info: {'cpu_model': 'Intel64 Family 6 Model 154 Stepping 3, GenuineIntel', 'cpu_count': 20, 'total_ram_gb': 15.75, 'os_name': 'Windows 10'} (codeculate_db_manager.py:225)
[2025-08-14 22:52:09,668] [INFO] [codeculate_db] No existing report found for python code with 5 executions (codeculate_db_manager.py:184)
[2025-08-14 22:52:09,672] [DEBUG] [code_executor] Created temporary file: C:\Users\Enes\AppData\Local\Temp\tmpxyary70z\Main.py (code_executor.py:315)
[2025-08-14 22:52:09,672] [DEBUG] [code_executor] Created temporary file: C:\Users\Enes\AppData\Local\Temp\tmpxyary70z\Main.py (code_executor.py:104)
[2025-08-14 22:52:09,672] [DEBUG] [code_executor] Getting run command for python file: C:\Users\Enes\AppData\Local\Temp\tmpxyary70z\Main.py (code_executor.py:270)
[2025-08-14 22:52:09,673] [DEBUG] [code_executor] Using interpreter command: ['python', 'C:\\Users\\Enes\\AppData\\Local\\Temp\\tmpxyary70z\\Main.py'] (code_executor.py:275)
[2025-08-14 22:52:09,673] [INFO] [code_executor] Starting emissions tracking (code_executor.py:145)
[2025-08-14 22:52:17,557] [DEBUG] [code_executor] Running iteration 1/5 (code_executor.py:151)
[2025-08-14 22:52:18,628] [DEBUG] [code_executor] Iteration 1 completed successfully (code_executor.py:159)
[2025-08-14 22:52:18,629] [DEBUG] [code_executor] Running iteration 2/5 (code_executor.py:151)
[2025-08-14 22:52:19,701] [DEBUG] [code_executor] Iteration 2 completed successfully (code_executor.py:159)
[2025-08-14 22:52:19,702] [DEBUG] [code_executor] Running iteration 3/5 (code_executor.py:151)
[2025-08-14 22:52:20,770] [DEBUG] [code_executor] Iteration 3 completed successfully (code_executor.py:159)
[2025-08-14 22:52:20,770] [DEBUG] [code_executor] Running iteration 4/5 (code_executor.py:151)
[2025-08-14 22:52:21,833] [DEBUG] [code_executor] Iteration 4 completed successfully (code_executor.py:159)
[2025-08-14 22:52:21,833] [DEBUG] [code_executor] Running iteration 5/5 (code_executor.py:151)
[2025-08-14 22:52:22,885] [DEBUG] [code_executor] Iteration 5 completed successfully (code_executor.py:159)
[2025-08-14 22:52:23,450] [INFO] [code_executor] Execution completed: 5.33s, 0.000037g CO2 (code_executor.py:182)
[2025-08-14 22:52:23,451] [DEBUG] [code_executor] Cleaning up temporary directory: C:\Users\Enes\AppData\Local\Temp\tmpxyary70z (code_executor.py:326)
[2025-08-14 22:52:23,452] [DEBUG] [code_executor] Removed temporary file: C:\Users\Enes\AppData\Local\Temp\tmpxyary70z\Main.py (code_executor.py:336)
[2025-08-14 22:52:23,454] [DEBUG] [code_executor] Removed temporary directory: C:\Users\Enes\AppData\Local\Temp\tmpxyary70z (code_executor.py:340)
[2025-08-14 22:52:23,455] [INFO] [code_executor] Saving results to database (code_executor.py:237)
[2025-08-14 22:52:23,458] [DEBUG] [codeculate_db] Retrieved system info: {'cpu_model': 'Intel64 Family 6 Model 154 Stepping 3, GenuineIntel', 'cpu_count': 20, 'total_ram_gb': 15.75, 'os_name': 'Windows 10'} (codeculate_db_manager.py:225)
[2025-08-14 22:52:23,460] [ERROR] [codeculate_db] Error saving execution report: 16 values for 13 columns (codeculate_db_manager.py:126)
[2025-08-14 22:52:23,464] [ERROR] [code_executor] Error saving to database: 16 values for 13 columns (code_executor.py:248)
Traceback (most recent call last):
  File "C:\Users\Enes\Desktop\Repositories\greenculate\backend\python\codeculate\code_executor.py", line 238, in process
    db_manager.save_report(
  File "C:\Users\Enes\Desktop\Repositories\greenculate\backend\python\codeculate\codeculate_db_manager.py", line 88, in save_report
    cursor.execute('''
sqlite3.OperationalError: 16 values for 13 columns
[2025-08-14 22:52:23,475] [INFO] [code_executor] Processing completed successfully (code_executor.py:251)
[2025-08-14 22:52:23,478] [INFO] [app] Emission calculation completed successfully (app.py:74)
[2025-08-14 22:54:51,362] [INFO] [codeculate_db] Codeculate database initialized successfully (codeculate_db_manager.py:60)
[2025-08-14 22:54:51,362] [INFO] [jsonculate_db] JSONculate database initialized successfully (jsonculate_db_manager.py:63)
[2025-08-14 22:54:51,363] [INFO] [app] ✅ Databases initialized successfully (app.py:144)
[2025-08-14 22:54:51,363] [INFO] [app] 🌍 Server running on: http://localhost:5000 (app.py:149)
[2025-08-14 22:54:58,818] [INFO] [codeculate_db] Codeculate database initialized successfully (codeculate_db_manager.py:60)
[2025-08-14 22:54:58,818] [INFO] [jsonculate_db] JSONculate database initialized successfully (jsonculate_db_manager.py:63)
[2025-08-14 22:54:58,819] [INFO] [app] ✅ Databases initialized successfully (app.py:144)
[2025-08-14 22:54:58,819] [INFO] [app] 🌍 Server running on: http://localhost:5000 (app.py:149)
[2025-08-14 22:54:59,762] [INFO] [codeculate_db] Codeculate database initialized successfully (codeculate_db_manager.py:60)
[2025-08-14 22:54:59,763] [INFO] [jsonculate_db] JSONculate database initialized successfully (jsonculate_db_manager.py:63)
[2025-08-14 22:54:59,763] [INFO] [app] ✅ Databases initialized successfully (app.py:144)
[2025-08-14 22:54:59,763] [INFO] [app] 🌍 Server running on: http://localhost:5000 (app.py:149)
[2025-08-14 22:55:02,276] [INFO] [app] Calculating emissions for python code with 5 repetitions (app.py:69)
[2025-08-14 22:55:02,277] [INFO] [code_executor] CodeExecutor initialized with supported languages: python, javascript, java, cpp, c (code_executor.py:62)
[2025-08-14 22:55:02,278] [INFO] [code_executor] Processing python code with 5 repetitions (threshold: 10000) (code_executor.py:66)
[2025-08-14 22:55:02,279] [DEBUG] [codeculate_db] Retrieved system info: {'cpu_model': 'Intel64 Family 6 Model 154 Stepping 3, GenuineIntel', 'cpu_count': 20, 'total_ram_gb': 15.75, 'os_name': 'Windows 10'} (codeculate_db_manager.py:225)
[2025-08-14 22:55:02,281] [INFO] [codeculate_db] No existing report found for python code with 5 executions (codeculate_db_manager.py:184)
[2025-08-14 22:55:02,283] [DEBUG] [code_executor] Created temporary file: C:\Users\Enes\AppData\Local\Temp\tmpbzc1cgwe\Main.py (code_executor.py:315)
[2025-08-14 22:55:02,283] [DEBUG] [code_executor] Created temporary file: C:\Users\Enes\AppData\Local\Temp\tmpbzc1cgwe\Main.py (code_executor.py:104)
[2025-08-14 22:55:02,283] [DEBUG] [code_executor] Getting run command for python file: C:\Users\Enes\AppData\Local\Temp\tmpbzc1cgwe\Main.py (code_executor.py:270)
[2025-08-14 22:55:02,284] [DEBUG] [code_executor] Using interpreter command: ['python', 'C:\\Users\\Enes\\AppData\\Local\\Temp\\tmpbzc1cgwe\\Main.py'] (code_executor.py:275)
[2025-08-14 22:55:02,284] [INFO] [code_executor] Starting emissions tracking (code_executor.py:145)
[2025-08-14 22:55:09,663] [DEBUG] [code_executor] Running iteration 1/5 (code_executor.py:151)
[2025-08-14 22:55:10,736] [DEBUG] [code_executor] Iteration 1 completed successfully (code_executor.py:159)
[2025-08-14 22:55:10,737] [DEBUG] [code_executor] Running iteration 2/5 (code_executor.py:151)
[2025-08-14 22:55:11,789] [DEBUG] [code_executor] Iteration 2 completed successfully (code_executor.py:159)
[2025-08-14 22:55:11,789] [DEBUG] [code_executor] Running iteration 3/5 (code_executor.py:151)
[2025-08-14 22:55:12,840] [DEBUG] [code_executor] Iteration 3 completed successfully (code_executor.py:159)
[2025-08-14 22:55:12,840] [DEBUG] [code_executor] Running iteration 4/5 (code_executor.py:151)
[2025-08-14 22:55:13,889] [DEBUG] [code_executor] Iteration 4 completed successfully (code_executor.py:159)
[2025-08-14 22:55:13,889] [DEBUG] [code_executor] Running iteration 5/5 (code_executor.py:151)
[2025-08-14 22:55:14,940] [DEBUG] [code_executor] Iteration 5 completed successfully (code_executor.py:159)
[2025-08-14 22:55:15,480] [INFO] [code_executor] Execution completed: 5.28s, 0.000037g CO2 (code_executor.py:182)
[2025-08-14 22:55:15,481] [DEBUG] [code_executor] Cleaning up temporary directory: C:\Users\Enes\AppData\Local\Temp\tmpbzc1cgwe (code_executor.py:326)
[2025-08-14 22:55:15,482] [DEBUG] [code_executor] Removed temporary file: C:\Users\Enes\AppData\Local\Temp\tmpbzc1cgwe\Main.py (code_executor.py:336)
[2025-08-14 22:55:15,483] [DEBUG] [code_executor] Removed temporary directory: C:\Users\Enes\AppData\Local\Temp\tmpbzc1cgwe (code_executor.py:340)
[2025-08-14 22:55:15,484] [INFO] [code_executor] Saving results to database (code_executor.py:237)
[2025-08-14 22:55:15,485] [DEBUG] [codeculate_db] Retrieved system info: {'cpu_model': 'Intel64 Family 6 Model 154 Stepping 3, GenuineIntel', 'cpu_count': 20, 'total_ram_gb': 15.75, 'os_name': 'Windows 10'} (codeculate_db_manager.py:225)
[2025-08-14 22:55:15,494] [INFO] [codeculate_db] Saved execution report with ID: 1 (codeculate_db_manager.py:122)
[2025-08-14 22:55:15,494] [INFO] [code_executor] Processing completed successfully (code_executor.py:251)
[2025-08-14 22:55:15,495] [INFO] [app] Emission calculation completed successfully (app.py:74)
[2025-08-14 22:55:23,599] [INFO] [app] Fetching codeculate history (app.py:89)
[2025-08-14 22:55:23,601] [INFO] [codeculate_db] Retrieved 1 execution reports (codeculate_db_manager.py:207)
[2025-08-14 22:55:23,916] [INFO] [app] Fetching codeculate history (app.py:89)
[2025-08-14 22:55:23,919] [INFO] [codeculate_db] Retrieved 1 execution reports (codeculate_db_manager.py:207)
[2025-08-14 22:57:04,600] [INFO] [app] Fetching jsonculate history (app.py:133)
[2025-08-14 22:57:04,602] [INFO] [jsonculate_db] Retrieved 1 JSON parsing reports (jsonculate_db_manager.py:188)
[2025-08-14 22:57:04,849] [INFO] [app] Fetching jsonculate history (app.py:133)
[2025-08-14 22:57:04,852] [INFO] [jsonculate_db] Retrieved 1 JSON parsing reports (jsonculate_db_manager.py:188)
[2025-08-14 22:57:07,378] [INFO] [app] Fetching codeculate history (app.py:89)
[2025-08-14 22:57:07,381] [INFO] [codeculate_db] Retrieved 1 execution reports (codeculate_db_manager.py:207)
[2025-08-14 22:57:07,700] [INFO] [app] Fetching codeculate history (app.py:89)
[2025-08-14 22:57:07,705] [INFO] [codeculate_db] Retrieved 1 execution reports (codeculate_db_manager.py:207)
[2025-08-15 01:47:57,640] [INFO] [codeculate_db] Codeculate database initialized successfully (codeculate_db_manager.py:60)
[2025-08-15 01:47:57,640] [INFO] [jsonculate_db] JSONculate database initialized successfully (jsonculate_db_manager.py:63)
[2025-08-15 01:47:57,640] [INFO] [app] ✅ Databases initialized successfully (app.py:144)
[2025-08-15 01:47:57,640] [INFO] [app] 🌍 Server running on: http://localhost:5000 (app.py:149)
[2025-08-15 01:48:00,172] [INFO] [codeculate_db] Codeculate database initialized successfully (codeculate_db_manager.py:60)
[2025-08-15 01:48:00,172] [INFO] [jsonculate_db] JSONculate database initialized successfully (jsonculate_db_manager.py:63)
[2025-08-15 01:48:00,172] [INFO] [app] ✅ Databases initialized successfully (app.py:144)
[2025-08-15 01:48:00,172] [INFO] [app] 🌍 Server running on: http://localhost:5000 (app.py:149)
[2025-08-15 01:48:16,282] [INFO] [app] Calculating emissions for python code with 5 repetitions (app.py:69)
[2025-08-15 01:48:16,284] [INFO] [code_executor] CodeExecutor initialized with supported languages: python, javascript, java, cpp, c (code_executor.py:62)
[2025-08-15 01:48:16,287] [INFO] [code_executor] Processing python code with 5 repetitions (threshold: 10000) (code_executor.py:66)
[2025-08-15 01:48:16,287] [DEBUG] [codeculate_db] Retrieved system info: {'cpu_model': 'Intel64 Family 6 Model 154 Stepping 3, GenuineIntel', 'cpu_count': 20, 'total_ram_gb': 15.75, 'os_name': 'Windows 10'} (codeculate_db_manager.py:225)
[2025-08-15 01:48:16,319] [INFO] [codeculate_db] Found existing report for python code with 5 executions (codeculate_db_manager.py:181)
[2025-08-15 01:48:16,319] [INFO] [code_executor] Found cached results, returning from database (code_executor.py:78)
[2025-08-15 01:48:16,323] [INFO] [app] Emission calculation completed successfully (app.py:74)
[2025-08-15 01:48:27,375] [INFO] [app] Calculating emissions for cpp code with 8 repetitions (app.py:69)
[2025-08-15 01:48:27,375] [INFO] [code_executor] CodeExecutor initialized with supported languages: python, javascript, java, cpp, c (code_executor.py:62)
[2025-08-15 01:48:27,375] [INFO] [code_executor] Processing cpp code with 8 repetitions (threshold: 10000) (code_executor.py:66)
[2025-08-15 01:48:27,375] [DEBUG] [codeculate_db] Retrieved system info: {'cpu_model': 'Intel64 Family 6 Model 154 Stepping 3, GenuineIntel', 'cpu_count': 20, 'total_ram_gb': 15.75, 'os_name': 'Windows 10'} (codeculate_db_manager.py:225)
[2025-08-15 01:48:27,383] [INFO] [codeculate_db] No existing report found for cpp code with 8 executions (codeculate_db_manager.py:184)
[2025-08-15 01:48:27,391] [DEBUG] [code_executor] Created temporary file: C:\Users\Enes\AppData\Local\Temp\tmpyb6yeqwt\Main.cpp (code_executor.py:315)
[2025-08-15 01:48:27,391] [DEBUG] [code_executor] Created temporary file: C:\Users\Enes\AppData\Local\Temp\tmpyb6yeqwt\Main.cpp (code_executor.py:104)
[2025-08-15 01:48:27,393] [DEBUG] [code_executor] Getting run command for cpp file: C:\Users\Enes\AppData\Local\Temp\tmpyb6yeqwt\Main.cpp (code_executor.py:270)
[2025-08-15 01:48:27,393] [INFO] [code_executor] Compiling cpp code (code_executor.py:286)
[2025-08-15 01:48:27,393] [DEBUG] [code_executor] Compile command: ['g++', 'C:\\Users\\Enes\\AppData\\Local\\Temp\\tmpyb6yeqwt\\Main.cpp', '-o', 'C:\\Users\\Enes\\AppData\\Local\\Temp\\tmpyb6yeqwt\\Main'] (code_executor.py:288)
[2025-08-15 01:48:27,393] [DEBUG] [code_executor] Run command: ['C:\\Users\\Enes\\AppData\\Local\\Temp\\tmpyb6yeqwt\\Main'] (code_executor.py:289)
[2025-08-15 01:48:31,674] [INFO] [code_executor] Compilation successful (code_executor.py:298)
[2025-08-15 01:48:31,674] [INFO] [code_executor] Starting emissions tracking (code_executor.py:145)
[2025-08-15 01:48:40,705] [DEBUG] [code_executor] Running iteration 1/8 (code_executor.py:151)
[2025-08-15 01:48:41,000] [DEBUG] [code_executor] Iteration 1 completed successfully (code_executor.py:159)
[2025-08-15 01:48:41,000] [DEBUG] [code_executor] Running iteration 2/8 (code_executor.py:151)
[2025-08-15 01:48:41,019] [DEBUG] [code_executor] Iteration 2 completed successfully (code_executor.py:159)
[2025-08-15 01:48:41,019] [DEBUG] [code_executor] Running iteration 3/8 (code_executor.py:151)
[2025-08-15 01:48:41,041] [DEBUG] [code_executor] Iteration 3 completed successfully (code_executor.py:159)
[2025-08-15 01:48:41,044] [DEBUG] [code_executor] Running iteration 4/8 (code_executor.py:151)
[2025-08-15 01:48:41,061] [DEBUG] [code_executor] Iteration 4 completed successfully (code_executor.py:159)
[2025-08-15 01:48:41,061] [DEBUG] [code_executor] Running iteration 5/8 (code_executor.py:151)
[2025-08-15 01:48:41,086] [DEBUG] [code_executor] Iteration 5 completed successfully (code_executor.py:159)
[2025-08-15 01:48:41,088] [DEBUG] [code_executor] Running iteration 6/8 (code_executor.py:151)
[2025-08-15 01:48:41,110] [DEBUG] [code_executor] Iteration 6 completed successfully (code_executor.py:159)
[2025-08-15 01:48:41,110] [DEBUG] [code_executor] Running iteration 7/8 (code_executor.py:151)
[2025-08-15 01:48:41,126] [DEBUG] [code_executor] Iteration 7 completed successfully (code_executor.py:159)
[2025-08-15 01:48:41,135] [DEBUG] [code_executor] Running iteration 8/8 (code_executor.py:151)
[2025-08-15 01:48:41,155] [DEBUG] [code_executor] Iteration 8 completed successfully (code_executor.py:159)
[2025-08-15 01:48:41,827] [INFO] [code_executor] Execution completed: 0.45s, 0.000009g CO2 (code_executor.py:182)
[2025-08-15 01:48:41,827] [DEBUG] [code_executor] Cleaning up temporary directory: C:\Users\Enes\AppData\Local\Temp\tmpyb6yeqwt (code_executor.py:326)
[2025-08-15 01:48:41,827] [DEBUG] [code_executor] Removed file: C:\Users\Enes\AppData\Local\Temp\tmpyb6yeqwt\Main.exe (code_executor.py:332)
[2025-08-15 01:48:41,831] [DEBUG] [code_executor] Removed temporary file: C:\Users\Enes\AppData\Local\Temp\tmpyb6yeqwt\Main.cpp (code_executor.py:336)
[2025-08-15 01:48:41,831] [DEBUG] [code_executor] Removed temporary directory: C:\Users\Enes\AppData\Local\Temp\tmpyb6yeqwt (code_executor.py:340)
[2025-08-15 01:48:41,831] [INFO] [code_executor] Saving results to database (code_executor.py:237)
[2025-08-15 01:48:41,831] [DEBUG] [codeculate_db] Retrieved system info: {'cpu_model': 'Intel64 Family 6 Model 154 Stepping 3, GenuineIntel', 'cpu_count': 20, 'total_ram_gb': 15.75, 'os_name': 'Windows 10'} (codeculate_db_manager.py:225)
[2025-08-15 01:48:41,843] [INFO] [codeculate_db] Saved execution report with ID: 2 (codeculate_db_manager.py:122)
[2025-08-15 01:48:41,843] [INFO] [code_executor] Processing completed successfully (code_executor.py:251)
[2025-08-15 01:48:41,843] [INFO] [app] Emission calculation completed successfully (app.py:74)
[2025-08-15 01:48:49,247] [INFO] [app] Fetching codeculate history (app.py:89)
[2025-08-15 01:48:49,247] [INFO] [codeculate_db] Retrieved 2 execution reports (codeculate_db_manager.py:207)
[2025-08-15 01:48:49,566] [INFO] [app] Fetching codeculate history (app.py:89)
[2025-08-15 01:48:49,566] [INFO] [codeculate_db] Retrieved 2 execution reports (codeculate_db_manager.py:207)
[2025-08-15 01:48:53,888] [INFO] [app] Fetching jsonculate history (app.py:133)
[2025-08-15 01:48:53,888] [INFO] [jsonculate_db] Retrieved 1 JSON parsing reports (jsonculate_db_manager.py:188)
[2025-08-15 01:48:54,217] [INFO] [app] Fetching jsonculate history (app.py:133)
[2025-08-15 01:48:54,220] [INFO] [jsonculate_db] Retrieved 1 JSON parsing reports (jsonculate_db_manager.py:188)
[2025-08-15 01:49:03,013] [INFO] [app] Parsing JSON with 150 repetitions (app.py:114)
[2025-08-15 01:49:03,015] [INFO] [json_parser] JSONParser initialized with standard, orjson, and ujson parsers (json_parser.py:33)
[2025-08-15 01:49:03,016] [INFO] [json_parser] Starting JSON parsing with 150 repetitions (threshold: 10000) (json_parser.py:37)
[2025-08-15 01:49:03,018] [DEBUG] [json_parser] Input JSON size: 864 bytes (json_parser.py:38)
[2025-08-15 01:49:03,018] [DEBUG] [jsonculate_db] Calculated hash for JSON input: 746fb602... (jsonculate_db_manager.py:164)
[2025-08-15 01:49:03,021] [INFO] [jsonculate_db] No existing report found for JSON with 150 repetitions (jsonculate_db_manager.py:146)
[2025-08-15 01:49:03,022] [INFO] [json_parser] Starting measurements for all parsers (json_parser.py:77)
[2025-08-15 01:49:03,024] [INFO] [json_parser] Starting standard json parser measurement (150 repetitions) (json_parser.py:108)
[2025-08-15 01:49:13,727] [INFO] [json_parser] Standard json parser completed: 3.04s, 0.000015g CO2 (json_parser.py:128)
[2025-08-15 01:49:13,727] [ERROR] [json_parser] Error in parse_json: 'EmissionsTracker' object has no attribute 'is_tracking' (json_parser.py:103)
[2025-08-15 01:49:13,727] [ERROR] [app] Error in parse_json: 'EmissionsTracker' object has no attribute 'is_tracking' (app.py:126)
[2025-08-15 01:51:48,035] [INFO] [codeculate_db] Codeculate database initialized successfully (codeculate_db_manager.py:60)
[2025-08-15 01:51:48,038] [INFO] [jsonculate_db] JSONculate database initialized successfully (jsonculate_db_manager.py:63)
[2025-08-15 01:51:48,040] [INFO] [app] ✅ Databases initialized successfully (app.py:144)
[2025-08-15 01:51:48,042] [INFO] [app] 🌍 Server running on: http://localhost:5000 (app.py:149)
[2025-08-15 01:51:54,554] [INFO] [codeculate_db] Codeculate database initialized successfully (codeculate_db_manager.py:60)
[2025-08-15 01:51:54,562] [INFO] [jsonculate_db] JSONculate database initialized successfully (jsonculate_db_manager.py:63)
[2025-08-15 01:51:54,562] [INFO] [app] ✅ Databases initialized successfully (app.py:144)
[2025-08-15 01:51:54,562] [INFO] [app] 🌍 Server running on: http://localhost:5000 (app.py:149)
[2025-08-15 01:51:59,517] [INFO] [app] Parsing JSON with 150 repetitions (app.py:114)
[2025-08-15 01:51:59,519] [INFO] [json_parser] JSONParser initialized with standard, orjson, and ujson parsers (json_parser.py:33)
[2025-08-15 01:51:59,520] [INFO] [json_parser] Starting JSON parsing with 150 repetitions (threshold: 10000) (json_parser.py:37)
[2025-08-15 01:51:59,521] [DEBUG] [json_parser] Input JSON size: 864 bytes (json_parser.py:38)
[2025-08-15 01:51:59,522] [DEBUG] [jsonculate_db] Calculated hash for JSON input: 746fb602... (jsonculate_db_manager.py:164)
[2025-08-15 01:51:59,525] [INFO] [jsonculate_db] No existing report found for JSON with 150 repetitions (jsonculate_db_manager.py:146)
[2025-08-15 01:51:59,526] [INFO] [json_parser] Starting measurements for all parsers (json_parser.py:77)
[2025-08-15 01:51:59,526] [INFO] [json_parser] Starting standard json parser measurement (150 repetitions) (json_parser.py:108)
[2025-08-15 01:52:10,384] [INFO] [json_parser] Standard json parser completed: 2.85s, 0.000015g CO2 (json_parser.py:128)
[2025-08-15 01:52:10,497] [INFO] [json_parser] Starting orjson parser measurement (150 repetitions) (json_parser.py:146)
[2025-08-15 01:52:19,982] [INFO] [json_parser] Orjson parser completed: 2.93s, 0.000015g CO2 (json_parser.py:166)
[2025-08-15 01:52:20,053] [INFO] [json_parser] Starting ujson parser measurement (150 repetitions) (json_parser.py:184)
[2025-08-15 01:52:29,290] [INFO] [json_parser] Ujson parser completed: 2.85s, 0.000015g CO2 (json_parser.py:204)
[2025-08-15 01:52:29,397] [INFO] [json_parser] Saving results to database (json_parser.py:96)
[2025-08-15 01:52:29,397] [DEBUG] [jsonculate_db] Retrieved system info: {'cpu_model': 'Intel64 Family 6 Model 154 Stepping 3, GenuineIntel', 'cpu_count': 20, 'total_memory': 15.75, 'os_info': 'Windows 10'} (jsonculate_db_manager.py:206)
[2025-08-15 01:52:29,397] [DEBUG] [jsonculate_db] Calculated hash for JSON input: 746fb602... (jsonculate_db_manager.py:164)
[2025-08-15 01:52:29,439] [INFO] [jsonculate_db] Saved JSON parsing report with ID: 2 (jsonculate_db_manager.py:109)
[2025-08-15 01:52:29,439] [INFO] [json_parser] JSON parsing completed successfully (json_parser.py:99)
[2025-08-15 01:52:29,439] [INFO] [app] JSON parsing completed successfully (app.py:119)
[2025-08-15 01:52:34,776] [INFO] [app] Fetching jsonculate history (app.py:133)
[2025-08-15 01:52:34,783] [INFO] [jsonculate_db] Retrieved 2 JSON parsing reports (jsonculate_db_manager.py:188)
[2025-08-15 01:52:35,103] [INFO] [app] Fetching jsonculate history (app.py:133)
[2025-08-15 01:52:35,103] [INFO] [jsonculate_db] Retrieved 2 JSON parsing reports (jsonculate_db_manager.py:188)
[2025-08-15 01:52:41,907] [INFO] [codeculate_db] Retrieved 2 execution reports (codeculate_db_manager.py:207)
[2025-08-15 01:52:41,909] [INFO] [jsonculate_db] Retrieved 2 JSON parsing reports (jsonculate_db_manager.py:188)
[2025-08-15 01:52:41,909] [INFO] [app] Total emissions calculated - Code: 4.5505774370991916e-05, JSON: 4.471311146435156e-05 (app.py:44)
[2025-08-15 01:52:42,224] [INFO] [codeculate_db] Retrieved 2 execution reports (codeculate_db_manager.py:207)
[2025-08-15 01:52:42,231] [INFO] [jsonculate_db] Retrieved 2 JSON parsing reports (jsonculate_db_manager.py:188)
[2025-08-15 01:52:42,231] [INFO] [app] Total emissions calculated - Code: 4.5505774370991916e-05, JSON: 4.471311146435156e-05 (app.py:44)
[2025-08-15 10:36:55,019] [INFO] [codeculate_db] Codeculate database initialized successfully (codeculate_db_manager.py:60)
[2025-08-15 10:36:55,019] [INFO] [jsonculate_db] JSONculate database initialized successfully (jsonculate_db_manager.py:63)
[2025-08-15 10:36:55,019] [INFO] [app] ✅ Databases initialized successfully (app.py:144)
[2025-08-15 10:36:55,019] [INFO] [app] 🌍 Server running on: http://localhost:5000 (app.py:149)
[2025-08-15 10:36:57,237] [INFO] [codeculate_db] Codeculate database initialized successfully (codeculate_db_manager.py:60)
[2025-08-15 10:36:57,239] [INFO] [jsonculate_db] JSONculate database initialized successfully (jsonculate_db_manager.py:63)
[2025-08-15 10:36:57,239] [INFO] [app] ✅ Databases initialized successfully (app.py:144)
[2025-08-15 10:36:57,239] [INFO] [app] 🌍 Server running on: http://localhost:5000 (app.py:149)
[2025-08-15 10:36:59,202] [INFO] [codeculate_db] Retrieved 2 execution reports (codeculate_db_manager.py:207)
[2025-08-15 10:36:59,210] [INFO] [jsonculate_db] Retrieved 2 JSON parsing reports (jsonculate_db_manager.py:188)
[2025-08-15 10:36:59,210] [INFO] [app] Total emissions calculated - Code: 4.5505774370991916e-05, JSON: 4.471311146435156e-05 (app.py:44)
[2025-08-15 10:36:59,216] [INFO] [codeculate_db] Retrieved 2 execution reports (codeculate_db_manager.py:207)
[2025-08-15 10:36:59,220] [INFO] [jsonculate_db] Retrieved 2 JSON parsing reports (jsonculate_db_manager.py:188)
[2025-08-15 10:36:59,220] [INFO] [app] Total emissions calculated - Code: 4.5505774370991916e-05, JSON: 4.471311146435156e-05 (app.py:44)
[2025-08-15 10:37:03,680] [INFO] [codeculate_db] Retrieved 2 execution reports (codeculate_db_manager.py:207)
[2025-08-15 10:37:03,680] [INFO] [jsonculate_db] Retrieved 2 JSON parsing reports (jsonculate_db_manager.py:188)
[2025-08-15 10:37:03,689] [INFO] [app] Total emissions calculated - Code: 4.5505774370991916e-05, JSON: 4.471311146435156e-05 (app.py:44)
[2025-08-15 10:37:03,931] [INFO] [codeculate_db] Retrieved 2 execution reports (codeculate_db_manager.py:207)
[2025-08-15 10:37:03,934] [INFO] [jsonculate_db] Retrieved 2 JSON parsing reports (jsonculate_db_manager.py:188)
[2025-08-15 10:37:03,935] [INFO] [app] Total emissions calculated - Code: 4.5505774370991916e-05, JSON: 4.471311146435156e-05 (app.py:44)
[2025-08-15 10:40:19,634] [INFO] [codeculate_db] Retrieved 2 execution reports (codeculate_db_manager.py:207)
[2025-08-15 10:40:19,639] [INFO] [jsonculate_db] Retrieved 2 JSON parsing reports (jsonculate_db_manager.py:188)
[2025-08-15 10:40:19,639] [INFO] [app] Total emissions calculated - Code: 4.5505774370991916e-05, JSON: 4.471311146435156e-05 (app.py:44)
[2025-08-15 10:40:19,893] [INFO] [codeculate_db] Retrieved 2 execution reports (codeculate_db_manager.py:207)
[2025-08-15 10:40:19,895] [INFO] [jsonculate_db] Retrieved 2 JSON parsing reports (jsonculate_db_manager.py:188)
[2025-08-15 10:40:19,896] [INFO] [app] Total emissions calculated - Code: 4.5505774370991916e-05, JSON: 4.471311146435156e-05 (app.py:44)
[2025-08-15 10:42:26,534] [INFO] [app] Fetching codeculate history (app.py:89)
[2025-08-15 10:42:26,536] [INFO] [codeculate_db] Retrieved 2 execution reports (codeculate_db_manager.py:207)
[2025-08-15 10:42:26,794] [INFO] [app] Fetching codeculate history (app.py:89)
[2025-08-15 10:42:26,803] [INFO] [codeculate_db] Retrieved 2 execution reports (codeculate_db_manager.py:207)
[2025-08-15 10:55:46,913] [INFO] [codeculate_db] Retrieved 2 execution reports (codeculate_db_manager.py:207)
[2025-08-15 10:55:46,913] [INFO] [jsonculate_db] Retrieved 2 JSON parsing reports (jsonculate_db_manager.py:188)
[2025-08-15 10:55:46,913] [INFO] [app] Total emissions calculated - Code: 4.5505774370991916e-05, JSON: 4.471311146435156e-05 (app.py:44)
[2025-08-15 10:55:47,169] [INFO] [codeculate_db] Retrieved 2 execution reports (codeculate_db_manager.py:207)
[2025-08-15 10:55:47,169] [INFO] [jsonculate_db] Retrieved 2 JSON parsing reports (jsonculate_db_manager.py:188)
[2025-08-15 10:55:47,169] [INFO] [app] Total emissions calculated - Code: 4.5505774370991916e-05, JSON: 4.471311146435156e-05 (app.py:44)
[2025-08-15 10:57:15,196] [INFO] [codeculate_db] Retrieved 2 execution reports (codeculate_db_manager.py:207)
[2025-08-15 10:57:15,199] [INFO] [jsonculate_db] Retrieved 2 JSON parsing reports (jsonculate_db_manager.py:188)
[2025-08-15 10:57:15,200] [INFO] [app] Total emissions calculated - Code: 4.5505774370991916e-05, JSON: 4.471311146435156e-05 (app.py:44)
[2025-08-15 10:57:15,452] [INFO] [codeculate_db] Retrieved 2 execution reports (codeculate_db_manager.py:207)
[2025-08-15 10:57:15,452] [INFO] [jsonculate_db] Retrieved 2 JSON parsing reports (jsonculate_db_manager.py:188)
[2025-08-15 10:57:15,460] [INFO] [app] Total emissions calculated - Code: 4.5505774370991916e-05, JSON: 4.471311146435156e-05 (app.py:44)
[2025-08-15 11:37:17,514] [INFO] [codeculate_db] Codeculate database initialized successfully (codeculate_db_manager.py:60)
[2025-08-15 11:37:17,514] [INFO] [jsonculate_db] JSONculate database initialized successfully (jsonculate_db_manager.py:63)
[2025-08-15 11:37:17,514] [INFO] [app] ✅ Databases initialized successfully (app.py:144)
[2025-08-15 11:37:17,523] [INFO] [app] 🌍 Server running on: http://localhost:5000 (app.py:149)
[2025-08-15 11:37:20,013] [INFO] [codeculate_db] Codeculate database initialized successfully (codeculate_db_manager.py:60)
[2025-08-15 11:37:20,015] [INFO] [jsonculate_db] JSONculate database initialized successfully (jsonculate_db_manager.py:63)
[2025-08-15 11:37:20,015] [INFO] [app] ✅ Databases initialized successfully (app.py:144)
[2025-08-15 11:37:20,015] [INFO] [app] 🌍 Server running on: http://localhost:5000 (app.py:149)
[2025-08-15 11:37:21,026] [INFO] [codeculate_db] Retrieved 2 execution reports (codeculate_db_manager.py:207)
[2025-08-15 11:37:21,026] [INFO] [jsonculate_db] Retrieved 2 JSON parsing reports (jsonculate_db_manager.py:188)
[2025-08-15 11:37:21,029] [INFO] [app] Total emissions calculated - Code: 4.5505774370991916e-05, JSON: 4.471311146435156e-05 (app.py:44)
[2025-08-15 11:37:25,697] [INFO] [codeculate_db] Retrieved 2 execution reports (codeculate_db_manager.py:207)
[2025-08-15 11:37:25,706] [INFO] [jsonculate_db] Retrieved 2 JSON parsing reports (jsonculate_db_manager.py:188)
[2025-08-15 11:37:25,706] [INFO] [app] Total emissions calculated - Code: 4.5505774370991916e-05, JSON: 4.471311146435156e-05 (app.py:44)
[2025-08-15 11:37:28,789] [INFO] [codeculate_db] Retrieved 2 execution reports (codeculate_db_manager.py:207)
[2025-08-15 11:37:28,789] [INFO] [jsonculate_db] Retrieved 2 JSON parsing reports (jsonculate_db_manager.py:188)
[2025-08-15 11:37:28,797] [INFO] [app] Total emissions calculated - Code: 4.5505774370991916e-05, JSON: 4.471311146435156e-05 (app.py:44)
[2025-08-15 11:37:32,202] [INFO] [codeculate_db] Retrieved 2 execution reports (codeculate_db_manager.py:207)
[2025-08-15 11:37:32,204] [INFO] [jsonculate_db] Retrieved 2 JSON parsing reports (jsonculate_db_manager.py:188)
[2025-08-15 11:37:32,204] [INFO] [app] Total emissions calculated - Code: 4.5505774370991916e-05, JSON: 4.471311146435156e-05 (app.py:44)
[2025-08-15 11:38:06,170] [INFO] [codeculate_db] Retrieved 2 execution reports (codeculate_db_manager.py:207)
[2025-08-15 11:38:06,170] [INFO] [jsonculate_db] Retrieved 2 JSON parsing reports (jsonculate_db_manager.py:188)
[2025-08-15 11:38:06,174] [INFO] [app] Total emissions calculated - Code: 4.5505774370991916e-05, JSON: 4.471311146435156e-05 (app.py:44)
[2025-08-15 11:38:08,147] [INFO] [codeculate_db] Retrieved 2 execution reports (codeculate_db_manager.py:207)
[2025-08-15 11:38:08,149] [INFO] [jsonculate_db] Retrieved 2 JSON parsing reports (jsonculate_db_manager.py:188)
[2025-08-15 11:38:08,149] [INFO] [app] Total emissions calculated - Code: 4.5505774370991916e-05, JSON: 4.471311146435156e-05 (app.py:44)
[2025-08-15 11:38:11,166] [INFO] [codeculate_db] Retrieved 2 execution reports (codeculate_db_manager.py:207)
[2025-08-15 11:38:11,170] [INFO] [jsonculate_db] Retrieved 2 JSON parsing reports (jsonculate_db_manager.py:188)
[2025-08-15 11:38:11,170] [INFO] [app] Total emissions calculated - Code: 4.5505774370991916e-05, JSON: 4.471311146435156e-05 (app.py:44)
[2025-08-15 11:38:15,765] [INFO] [codeculate_db] Retrieved 2 execution reports (codeculate_db_manager.py:207)
[2025-08-15 11:38:15,774] [INFO] [jsonculate_db] Retrieved 2 JSON parsing reports (jsonculate_db_manager.py:188)
[2025-08-15 11:38:15,774] [INFO] [app] Total emissions calculated - Code: 4.5505774370991916e-05, JSON: 4.471311146435156e-05 (app.py:44)
[2025-08-15 11:38:49,137] [INFO] [codeculate_db] Retrieved 2 execution reports (codeculate_db_manager.py:207)
[2025-08-15 11:38:49,137] [INFO] [jsonculate_db] Retrieved 2 JSON parsing reports (jsonculate_db_manager.py:188)
[2025-08-15 11:38:49,137] [INFO] [app] Total emissions calculated - Code: 4.5505774370991916e-05, JSON: 4.471311146435156e-05 (app.py:44)
[2025-08-15 11:38:53,854] [INFO] [codeculate_db] Retrieved 2 execution reports (codeculate_db_manager.py:207)
[2025-08-15 11:38:53,854] [INFO] [jsonculate_db] Retrieved 2 JSON parsing reports (jsonculate_db_manager.py:188)
[2025-08-15 11:38:53,854] [INFO] [app] Total emissions calculated - Code: 4.5505774370991916e-05, JSON: 4.471311146435156e-05 (app.py:44)
[2025-08-15 11:39:06,710] [INFO] [codeculate_db] Retrieved 2 execution reports (codeculate_db_manager.py:207)
[2025-08-15 11:39:06,718] [INFO] [jsonculate_db] Retrieved 2 JSON parsing reports (jsonculate_db_manager.py:188)
[2025-08-15 11:39:06,718] [INFO] [app] Total emissions calculated - Code: 4.5505774370991916e-05, JSON: 4.471311146435156e-05 (app.py:44)
[2025-08-15 11:39:06,963] [INFO] [codeculate_db] Retrieved 2 execution reports (codeculate_db_manager.py:207)
[2025-08-15 11:39:06,963] [INFO] [jsonculate_db] Retrieved 2 JSON parsing reports (jsonculate_db_manager.py:188)
[2025-08-15 11:39:06,963] [INFO] [app] Total emissions calculated - Code: 4.5505774370991916e-05, JSON: 4.471311146435156e-05 (app.py:44)
[2025-08-15 11:39:10,440] [INFO] [codeculate_db] Retrieved 2 execution reports (codeculate_db_manager.py:207)
[2025-08-15 11:39:10,440] [INFO] [jsonculate_db] Retrieved 2 JSON parsing reports (jsonculate_db_manager.py:188)
[2025-08-15 11:39:10,440] [INFO] [app] Total emissions calculated - Code: 4.5505774370991916e-05, JSON: 4.471311146435156e-05 (app.py:44)
[2025-08-15 11:39:10,760] [INFO] [codeculate_db] Retrieved 2 execution reports (codeculate_db_manager.py:207)
[2025-08-15 11:39:10,760] [INFO] [jsonculate_db] Retrieved 2 JSON parsing reports (jsonculate_db_manager.py:188)
[2025-08-15 11:39:10,760] [INFO] [app] Total emissions calculated - Code: 4.5505774370991916e-05, JSON: 4.471311146435156e-05 (app.py:44)
[2025-08-15 11:39:40,007] [INFO] [codeculate_db] Retrieved 2 execution reports (codeculate_db_manager.py:207)
[2025-08-15 11:39:40,007] [INFO] [jsonculate_db] Retrieved 2 JSON parsing reports (jsonculate_db_manager.py:188)
[2025-08-15 11:39:40,007] [INFO] [app] Total emissions calculated - Code: 4.5505774370991916e-05, JSON: 4.471311146435156e-05 (app.py:44)
[2025-08-15 11:39:40,324] [INFO] [codeculate_db] Retrieved 2 execution reports (codeculate_db_manager.py:207)
[2025-08-15 11:39:40,324] [INFO] [jsonculate_db] Retrieved 2 JSON parsing reports (jsonculate_db_manager.py:188)
[2025-08-15 11:39:40,324] [INFO] [app] Total emissions calculated - Code: 4.5505774370991916e-05, JSON: 4.471311146435156e-05 (app.py:44)
[2025-08-15 11:40:26,186] [INFO] [codeculate_db] Retrieved 2 execution reports (codeculate_db_manager.py:207)
[2025-08-15 11:40:26,189] [INFO] [jsonculate_db] Retrieved 2 JSON parsing reports (jsonculate_db_manager.py:188)
[2025-08-15 11:40:26,189] [INFO] [app] Total emissions calculated - Code: 4.5505774370991916e-05, JSON: 4.471311146435156e-05 (app.py:44)
[2025-08-15 11:40:26,505] [INFO] [codeculate_db] Retrieved 2 execution reports (codeculate_db_manager.py:207)
[2025-08-15 11:40:26,505] [INFO] [jsonculate_db] Retrieved 2 JSON parsing reports (jsonculate_db_manager.py:188)
[2025-08-15 11:40:26,510] [INFO] [app] Total emissions calculated - Code: 4.5505774370991916e-05, JSON: 4.471311146435156e-05 (app.py:44)
[2025-08-15 11:40:34,482] [INFO] [codeculate_db] Retrieved 2 execution reports (codeculate_db_manager.py:207)
[2025-08-15 11:40:34,482] [INFO] [jsonculate_db] Retrieved 2 JSON parsing reports (jsonculate_db_manager.py:188)
[2025-08-15 11:40:34,482] [INFO] [app] Total emissions calculated - Code: 4.5505774370991916e-05, JSON: 4.471311146435156e-05 (app.py:44)
[2025-08-15 11:40:34,807] [INFO] [codeculate_db] Retrieved 2 execution reports (codeculate_db_manager.py:207)
[2025-08-15 11:40:34,807] [INFO] [jsonculate_db] Retrieved 2 JSON parsing reports (jsonculate_db_manager.py:188)
[2025-08-15 11:40:34,810] [INFO] [app] Total emissions calculated - Code: 4.5505774370991916e-05, JSON: 4.471311146435156e-05 (app.py:44)
[2025-08-15 11:41:10,943] [INFO] [codeculate_db] Retrieved 2 execution reports (codeculate_db_manager.py:207)
[2025-08-15 11:41:10,951] [INFO] [jsonculate_db] Retrieved 2 JSON parsing reports (jsonculate_db_manager.py:188)
[2025-08-15 11:41:10,951] [INFO] [app] Total emissions calculated - Code: 4.5505774370991916e-05, JSON: 4.471311146435156e-05 (app.py:44)
[2025-08-15 11:41:11,268] [INFO] [codeculate_db] Retrieved 2 execution reports (codeculate_db_manager.py:207)
[2025-08-15 11:41:11,272] [INFO] [jsonculate_db] Retrieved 2 JSON parsing reports (jsonculate_db_manager.py:188)
[2025-08-15 11:41:11,273] [INFO] [app] Total emissions calculated - Code: 4.5505774370991916e-05, JSON: 4.471311146435156e-05 (app.py:44)
[2025-08-15 11:41:20,339] [INFO] [codeculate_db] Retrieved 2 execution reports (codeculate_db_manager.py:207)
[2025-08-15 11:41:20,345] [INFO] [jsonculate_db] Retrieved 2 JSON parsing reports (jsonculate_db_manager.py:188)
[2025-08-15 11:41:20,345] [INFO] [app] Total emissions calculated - Code: 4.5505774370991916e-05, JSON: 4.471311146435156e-05 (app.py:44)
[2025-08-15 11:41:20,660] [INFO] [codeculate_db] Retrieved 2 execution reports (codeculate_db_manager.py:207)
[2025-08-15 11:41:20,660] [INFO] [jsonculate_db] Retrieved 2 JSON parsing reports (jsonculate_db_manager.py:188)
[2025-08-15 11:41:20,667] [INFO] [app] Total emissions calculated - Code: 4.5505774370991916e-05, JSON: 4.471311146435156e-05 (app.py:44)
[2025-08-15 11:58:19,553] [INFO] [codeculate_db] Retrieved 2 execution reports (codeculate_db_manager.py:207)
[2025-08-15 11:58:19,555] [INFO] [jsonculate_db] Retrieved 2 JSON parsing reports (jsonculate_db_manager.py:188)
[2025-08-15 11:58:19,555] [INFO] [app] Total emissions calculated - Code: 4.5505774370991916e-05, JSON: 4.471311146435156e-05 (app.py:44)
[2025-08-15 11:58:19,802] [INFO] [codeculate_db] Retrieved 2 execution reports (codeculate_db_manager.py:207)
[2025-08-15 11:58:19,804] [INFO] [jsonculate_db] Retrieved 2 JSON parsing reports (jsonculate_db_manager.py:188)
[2025-08-15 11:58:19,804] [INFO] [app] Total emissions calculated - Code: 4.5505774370991916e-05, JSON: 4.471311146435156e-05 (app.py:44)
[2025-08-15 11:58:26,975] [INFO] [codeculate_db] Retrieved 2 execution reports (codeculate_db_manager.py:207)
[2025-08-15 11:58:26,977] [INFO] [jsonculate_db] Retrieved 2 JSON parsing reports (jsonculate_db_manager.py:188)
[2025-08-15 11:58:26,978] [INFO] [app] Total emissions calculated - Code: 4.5505774370991916e-05, JSON: 4.471311146435156e-05 (app.py:44)
[2025-08-15 11:58:27,292] [INFO] [codeculate_db] Retrieved 2 execution reports (codeculate_db_manager.py:207)
[2025-08-15 11:58:27,295] [INFO] [jsonculate_db] Retrieved 2 JSON parsing reports (jsonculate_db_manager.py:188)
[2025-08-15 11:58:27,296] [INFO] [app] Total emissions calculated - Code: 4.5505774370991916e-05, JSON: 4.471311146435156e-05 (app.py:44)
[2025-08-15 12:03:28,420] [INFO] [codeculate_db] Retrieved 2 execution reports (codeculate_db_manager.py:207)
[2025-08-15 12:03:28,423] [INFO] [jsonculate_db] Retrieved 2 JSON parsing reports (jsonculate_db_manager.py:188)
[2025-08-15 12:03:28,424] [INFO] [app] Total emissions calculated - Code: 4.5505774370991916e-05, JSON: 4.471311146435156e-05 (app.py:44)
[2025-08-15 12:03:28,683] [INFO] [codeculate_db] Retrieved 2 execution reports (codeculate_db_manager.py:207)
[2025-08-15 12:03:28,685] [INFO] [jsonculate_db] Retrieved 2 JSON parsing reports (jsonculate_db_manager.py:188)
[2025-08-15 12:03:28,687] [INFO] [app] Total emissions calculated - Code: 4.5505774370991916e-05, JSON: 4.471311146435156e-05 (app.py:44)
[2025-08-15 12:03:35,944] [INFO] [codeculate_db] Retrieved 2 execution reports (codeculate_db_manager.py:207)
[2025-08-15 12:03:35,946] [INFO] [jsonculate_db] Retrieved 2 JSON parsing reports (jsonculate_db_manager.py:188)
[2025-08-15 12:03:35,947] [INFO] [app] Total emissions calculated - Code: 4.5505774370991916e-05, JSON: 4.471311146435156e-05 (app.py:44)
[2025-08-15 12:03:36,260] [INFO] [codeculate_db] Retrieved 2 execution reports (codeculate_db_manager.py:207)
[2025-08-15 12:03:36,262] [INFO] [jsonculate_db] Retrieved 2 JSON parsing reports (jsonculate_db_manager.py:188)
[2025-08-15 12:03:36,263] [INFO] [app] Total emissions calculated - Code: 4.5505774370991916e-05, JSON: 4.471311146435156e-05 (app.py:44)
[2025-08-15 12:03:57,429] [INFO] [codeculate_db] Retrieved 2 execution reports (codeculate_db_manager.py:207)
[2025-08-15 12:03:57,430] [INFO] [jsonculate_db] Retrieved 2 JSON parsing reports (jsonculate_db_manager.py:188)
[2025-08-15 12:03:57,430] [INFO] [app] Total emissions calculated - Code: 4.5505774370991916e-05, JSON: 4.471311146435156e-05 (app.py:44)
[2025-08-15 12:03:57,739] [INFO] [codeculate_db] Retrieved 2 execution reports (codeculate_db_manager.py:207)
[2025-08-15 12:03:57,741] [INFO] [jsonculate_db] Retrieved 2 JSON parsing reports (jsonculate_db_manager.py:188)
[2025-08-15 12:03:57,741] [INFO] [app] Total emissions calculated - Code: 4.5505774370991916e-05, JSON: 4.471311146435156e-05 (app.py:44)
[2025-08-15 12:06:03,324] [INFO] [codeculate_db] Retrieved 2 execution reports (codeculate_db_manager.py:207)
[2025-08-15 12:06:03,326] [INFO] [jsonculate_db] Retrieved 2 JSON parsing reports (jsonculate_db_manager.py:188)
[2025-08-15 12:06:03,327] [INFO] [app] Total emissions calculated - Code: 4.5505774370991916e-05, JSON: 4.471311146435156e-05 (app.py:44)
[2025-08-15 12:06:03,591] [INFO] [codeculate_db] Retrieved 2 execution reports (codeculate_db_manager.py:207)
[2025-08-15 12:06:03,594] [INFO] [jsonculate_db] Retrieved 2 JSON parsing reports (jsonculate_db_manager.py:188)
[2025-08-15 12:06:03,595] [INFO] [app] Total emissions calculated - Code: 4.5505774370991916e-05, JSON: 4.471311146435156e-05 (app.py:44)
[2025-08-15 12:11:28,438] [INFO] [codeculate_db] Retrieved 2 execution reports (codeculate_db_manager.py:207)
[2025-08-15 12:11:28,440] [INFO] [jsonculate_db] Retrieved 2 JSON parsing reports (jsonculate_db_manager.py:188)
[2025-08-15 12:11:28,441] [INFO] [app] Total emissions calculated - Code: 4.5505774370991916e-05, JSON: 4.471311146435156e-05 (app.py:44)
[2025-08-15 12:11:28,696] [INFO] [codeculate_db] Retrieved 2 execution reports (codeculate_db_manager.py:207)
[2025-08-15 12:11:28,697] [INFO] [jsonculate_db] Retrieved 2 JSON parsing reports (jsonculate_db_manager.py:188)
[2025-08-15 12:11:28,697] [INFO] [app] Total emissions calculated - Code: 4.5505774370991916e-05, JSON: 4.471311146435156e-05 (app.py:44)
[2025-08-15 12:21:39,168] [INFO] [codeculate_db] Retrieved 2 execution reports (codeculate_db_manager.py:207)
[2025-08-15 12:21:39,170] [INFO] [jsonculate_db] Retrieved 2 JSON parsing reports (jsonculate_db_manager.py:188)
[2025-08-15 12:21:39,170] [INFO] [app] Total emissions calculated - Code: 4.5505774370991916e-05, JSON: 4.471311146435156e-05 (app.py:44)
[2025-08-15 12:21:39,429] [INFO] [codeculate_db] Retrieved 2 execution reports (codeculate_db_manager.py:207)
[2025-08-15 12:21:39,430] [INFO] [jsonculate_db] Retrieved 2 JSON parsing reports (jsonculate_db_manager.py:188)
[2025-08-15 12:21:39,431] [INFO] [app] Total emissions calculated - Code: 4.5505774370991916e-05, JSON: 4.471311146435156e-05 (app.py:44)
[2025-08-15 12:24:38,914] [INFO] [codeculate_db] Retrieved 2 execution reports (codeculate_db_manager.py:207)
[2025-08-15 12:24:38,915] [INFO] [jsonculate_db] Retrieved 2 JSON parsing reports (jsonculate_db_manager.py:188)
[2025-08-15 12:24:38,916] [INFO] [app] Total emissions calculated - Code: 4.5505774370991916e-05, JSON: 4.471311146435156e-05 (app.py:44)
[2025-08-15 12:24:39,160] [INFO] [codeculate_db] Retrieved 2 execution reports (codeculate_db_manager.py:207)
[2025-08-15 12:24:39,161] [INFO] [jsonculate_db] Retrieved 2 JSON parsing reports (jsonculate_db_manager.py:188)
[2025-08-15 12:24:39,161] [INFO] [app] Total emissions calculated - Code: 4.5505774370991916e-05, JSON: 4.471311146435156e-05 (app.py:44)
[2025-08-15 12:24:40,091] [INFO] [codeculate_db] Retrieved 2 execution reports (codeculate_db_manager.py:207)
[2025-08-15 12:24:40,092] [INFO] [jsonculate_db] Retrieved 2 JSON parsing reports (jsonculate_db_manager.py:188)
[2025-08-15 12:24:40,092] [INFO] [app] Total emissions calculated - Code: 4.5505774370991916e-05, JSON: 4.471311146435156e-05 (app.py:44)
[2025-08-15 12:24:40,411] [INFO] [codeculate_db] Retrieved 2 execution reports (codeculate_db_manager.py:207)
[2025-08-15 12:24:40,412] [INFO] [jsonculate_db] Retrieved 2 JSON parsing reports (jsonculate_db_manager.py:188)
[2025-08-15 12:24:40,413] [INFO] [app] Total emissions calculated - Code: 4.5505774370991916e-05, JSON: 4.471311146435156e-05 (app.py:44)
[2025-08-15 12:43:05,589] [INFO] [app] Calculating emissions for python code with 5 repetitions (app.py:69)
[2025-08-15 12:43:05,590] [INFO] [code_executor] CodeExecutor initialized with supported languages: python, javascript, java, cpp, c (code_executor.py:62)
[2025-08-15 12:43:05,594] [INFO] [code_executor] Processing python code with 5 repetitions (threshold: 10000) (code_executor.py:66)
[2025-08-15 12:43:05,596] [DEBUG] [codeculate_db] Retrieved system info: {'cpu_model': 'Intel64 Family 6 Model 154 Stepping 3, GenuineIntel', 'cpu_count': 20, 'total_ram_gb': 15.75, 'os_name': 'Windows 10'} (codeculate_db_manager.py:225)
[2025-08-15 12:43:05,609] [INFO] [codeculate_db] Found existing report for python code with 5 executions (codeculate_db_manager.py:181)
[2025-08-15 12:43:05,612] [INFO] [code_executor] Found cached results, returning from database (code_executor.py:78)
[2025-08-15 12:43:05,613] [INFO] [app] Emission calculation completed successfully (app.py:74)
[2025-08-15 14:02:14,196] [INFO] [app] Fetching jsonculate history (app.py:133)
[2025-08-15 14:02:14,204] [INFO] [jsonculate_db] Retrieved 2 JSON parsing reports (jsonculate_db_manager.py:188)
[2025-08-15 14:02:14,463] [INFO] [app] Fetching jsonculate history (app.py:133)
[2025-08-15 14:02:14,465] [INFO] [jsonculate_db] Retrieved 2 JSON parsing reports (jsonculate_db_manager.py:188)
[2025-08-15 14:02:15,438] [INFO] [app] Fetching jsonculate history (app.py:133)
[2025-08-15 14:02:15,440] [INFO] [jsonculate_db] Retrieved 2 JSON parsing reports (jsonculate_db_manager.py:188)
[2025-08-15 14:02:15,763] [INFO] [app] Fetching jsonculate history (app.py:133)
[2025-08-15 14:02:15,767] [INFO] [jsonculate_db] Retrieved 2 JSON parsing reports (jsonculate_db_manager.py:188)
[2025-08-15 14:03:27,105] [INFO] [app] Fetching codeculate history (app.py:89)
[2025-08-15 14:03:27,113] [INFO] [codeculate_db] Retrieved 2 execution reports (codeculate_db_manager.py:207)
[2025-08-15 14:03:27,352] [INFO] [app] Fetching codeculate history (app.py:89)
[2025-08-15 14:03:27,353] [INFO] [codeculate_db] Retrieved 2 execution reports (codeculate_db_manager.py:207)
[2025-08-15 14:03:28,357] [INFO] [app] Fetching jsonculate history (app.py:133)
[2025-08-15 14:03:28,358] [INFO] [jsonculate_db] Retrieved 2 JSON parsing reports (jsonculate_db_manager.py:188)
[2025-08-15 14:03:28,673] [INFO] [app] Fetching jsonculate history (app.py:133)
[2025-08-15 14:03:28,678] [INFO] [jsonculate_db] Retrieved 2 JSON parsing reports (jsonculate_db_manager.py:188)
[2025-08-15 14:03:32,151] [INFO] [app] Fetching jsonculate history (app.py:133)
[2025-08-15 14:03:32,154] [INFO] [jsonculate_db] Retrieved 2 JSON parsing reports (jsonculate_db_manager.py:188)
[2025-08-15 14:03:32,470] [INFO] [app] Fetching jsonculate history (app.py:133)
[2025-08-15 14:03:32,475] [INFO] [jsonculate_db] Retrieved 2 JSON parsing reports (jsonculate_db_manager.py:188)
[2025-08-15 14:03:36,235] [INFO] [app] Fetching jsonculate history (app.py:133)
[2025-08-15 14:03:36,237] [INFO] [jsonculate_db] Retrieved 2 JSON parsing reports (jsonculate_db_manager.py:188)
[2025-08-15 14:03:36,549] [INFO] [app] Fetching jsonculate history (app.py:133)
[2025-08-15 14:03:36,556] [INFO] [jsonculate_db] Retrieved 2 JSON parsing reports (jsonculate_db_manager.py:188)
[2025-08-15 14:03:58,463] [INFO] [app] Fetching jsonculate history (app.py:133)
[2025-08-15 14:03:58,465] [INFO] [jsonculate_db] Retrieved 2 JSON parsing reports (jsonculate_db_manager.py:188)
[2025-08-15 14:03:58,782] [INFO] [app] Fetching jsonculate history (app.py:133)
[2025-08-15 14:03:58,790] [INFO] [jsonculate_db] Retrieved 2 JSON parsing reports (jsonculate_db_manager.py:188)
[2025-08-15 14:04:50,375] [INFO] [app] Fetching jsonculate history (app.py:133)
[2025-08-15 14:04:50,377] [INFO] [jsonculate_db] Retrieved 2 JSON parsing reports (jsonculate_db_manager.py:188)
[2025-08-15 14:04:50,684] [INFO] [app] Fetching jsonculate history (app.py:133)
[2025-08-15 14:04:50,687] [INFO] [jsonculate_db] Retrieved 2 JSON parsing reports (jsonculate_db_manager.py:188)
[2025-08-15 14:04:58,103] [INFO] [app] Fetching jsonculate history (app.py:133)
[2025-08-15 14:04:58,105] [INFO] [jsonculate_db] Retrieved 2 JSON parsing reports (jsonculate_db_manager.py:188)
[2025-08-15 14:04:58,424] [INFO] [app] Fetching jsonculate history (app.py:133)
[2025-08-15 14:04:58,427] [INFO] [jsonculate_db] Retrieved 2 JSON parsing reports (jsonculate_db_manager.py:188)
[2025-08-15 14:04:59,469] [INFO] [app] Fetching jsonculate history (app.py:133)
[2025-08-15 14:04:59,470] [INFO] [jsonculate_db] Retrieved 2 JSON parsing reports (jsonculate_db_manager.py:188)
[2025-08-15 14:04:59,785] [INFO] [app] Fetching jsonculate history (app.py:133)
[2025-08-15 14:04:59,787] [INFO] [jsonculate_db] Retrieved 2 JSON parsing reports (jsonculate_db_manager.py:188)
[2025-08-15 14:05:01,128] [INFO] [app] Fetching jsonculate history (app.py:133)
[2025-08-15 14:05:01,130] [INFO] [jsonculate_db] Retrieved 2 JSON parsing reports (jsonculate_db_manager.py:188)
[2025-08-15 14:05:01,446] [INFO] [app] Fetching jsonculate history (app.py:133)
[2025-08-15 14:05:01,450] [INFO] [jsonculate_db] Retrieved 2 JSON parsing reports (jsonculate_db_manager.py:188)
[2025-08-15 14:05:02,400] [INFO] [app] Fetching jsonculate history (app.py:133)
[2025-08-15 14:05:02,402] [INFO] [jsonculate_db] Retrieved 2 JSON parsing reports (jsonculate_db_manager.py:188)
[2025-08-15 14:05:02,722] [INFO] [app] Fetching jsonculate history (app.py:133)
[2025-08-15 14:05:02,733] [INFO] [jsonculate_db] Retrieved 2 JSON parsing reports (jsonculate_db_manager.py:188)
[2025-08-15 14:05:03,544] [INFO] [app] Fetching jsonculate history (app.py:133)
[2025-08-15 14:05:03,546] [INFO] [jsonculate_db] Retrieved 2 JSON parsing reports (jsonculate_db_manager.py:188)
[2025-08-15 14:05:03,854] [INFO] [app] Fetching jsonculate history (app.py:133)
[2025-08-15 14:05:03,860] [INFO] [jsonculate_db] Retrieved 2 JSON parsing reports (jsonculate_db_manager.py:188)
[2025-08-15 14:05:08,378] [INFO] [app] Fetching codeculate history (app.py:89)
[2025-08-15 14:05:08,380] [INFO] [codeculate_db] Retrieved 2 execution reports (codeculate_db_manager.py:207)
[2025-08-15 14:05:08,696] [INFO] [app] Fetching codeculate history (app.py:89)
[2025-08-15 14:05:08,701] [INFO] [codeculate_db] Retrieved 2 execution reports (codeculate_db_manager.py:207)
[2025-08-15 14:05:09,673] [INFO] [app] Fetching codeculate history (app.py:89)
[2025-08-15 14:05:09,676] [INFO] [codeculate_db] Retrieved 2 execution reports (codeculate_db_manager.py:207)
[2025-08-15 14:05:09,992] [INFO] [app] Fetching codeculate history (app.py:89)
[2025-08-15 14:05:09,998] [INFO] [codeculate_db] Retrieved 2 execution reports (codeculate_db_manager.py:207)
[2025-08-15 14:14:55,189] [INFO] [codeculate_db] Retrieved 2 execution reports (codeculate_db_manager.py:207)
[2025-08-15 14:14:55,190] [INFO] [jsonculate_db] Retrieved 2 JSON parsing reports (jsonculate_db_manager.py:188)
[2025-08-15 14:14:55,191] [INFO] [app] Total emissions calculated - Code: 4.5505774370991916e-05, JSON: 4.471311146435156e-05 (app.py:44)
[2025-08-15 14:14:55,451] [INFO] [codeculate_db] Retrieved 2 execution reports (codeculate_db_manager.py:207)
[2025-08-15 14:14:55,452] [INFO] [jsonculate_db] Retrieved 2 JSON parsing reports (jsonculate_db_manager.py:188)
[2025-08-15 14:14:55,452] [INFO] [app] Total emissions calculated - Code: 4.5505774370991916e-05, JSON: 4.471311146435156e-05 (app.py:44)
